<?xml version="1.0" encoding="UTF-8"?>
<!-- Generated by org.testng.reporters.JUnitXMLReporter -->
<testsuite ignored="0" hostname="IN-3SJWDK3" failures="3" tests="3" name="Surefire test" time="21.575" errors="0" timestamp="2024-04-13T14:30:23 IST">
  <testcase classname="com.nagarro.nagp.testpackage.searchBusTest" name="searchBusFailure" time="0.004">
    <failure type="java.lang.NullPointerException" message="Cannot invoke &amp;quot;com.nagarro.nagp.redbus.pages.HomePage.searchBus(String, String, String, String)&amp;quot; because &amp;quot;this.home&amp;quot; is null">
      <![CDATA[java.lang.NullPointerException: Cannot invoke "com.nagarro.nagp.redbus.pages.HomePage.searchBus(String, String, String, String)" because "this.home" is null
at com.nagarro.nagp.testpackage.searchBusTest.searchBusFailure(searchBusTest.java:32)
at java.base/java.util.ArrayList.forEach(ArrayList.java:1511)
... Removed 32 stack frames]]>
    </failure>
  </testcase> <!-- searchBusFailure -->
  <testcase classname="com.nagarro.nagp.testpackage.searchBusTest" name="searchBusSuccess" time="0.0">
    <failure type="java.lang.NullPointerException" message="Cannot invoke &amp;quot;com.nagarro.nagp.redbus.pages.HomePage.searchBus(String, String, String, String)&amp;quot; because &amp;quot;this.home&amp;quot; is null">
      <![CDATA[java.lang.NullPointerException: Cannot invoke "com.nagarro.nagp.redbus.pages.HomePage.searchBus(String, String, String, String)" because "this.home" is null
at com.nagarro.nagp.testpackage.searchBusTest.searchBusSuccess(searchBusTest.java:53)
at java.base/java.util.ArrayList.forEach(ArrayList.java:1511)
... Removed 32 stack frames]]>
    </failure>
  </testcase> <!-- searchBusSuccess -->
  <testcase classname="com.nagarro.nagp.testpackage.searchTrainTest" name="searchTrain" time="4.331">
    <failure type="org.openqa.selenium.ElementNotInteractableException" message="element not interactable
  (Session info: MicrosoftEdge=123.0.2420.81)
Build info: version: &amp;apos;4.4.0&amp;apos;, revision: &amp;apos;e5c75ed026a&amp;apos;
System info: host: &amp;apos;IN-3SJWDK3&amp;apos;, ip: &amp;apos;192.168.1.37&amp;apos;, os.name: &amp;apos;Windows 11&amp;apos;, os.arch: &amp;apos;amd64&amp;apos;, os.version: &amp;apos;10.0&amp;apos;, java.version: &amp;apos;17.0.7&amp;apos;
Driver info: org.openqa.selenium.edge.EdgeDriver
Command: [30fc754b2c2ec70f2d9270a52b20e8e0, sendKeysToElement {id=f.F4B70123A5CD75D27B518CD75953BD07.d.D14869FDC2FC1154023F4351478C690C.e.90, value=[Ljava.lang.CharSequence;@36ef1d65}]
Capabilities {acceptInsecureCerts: true, browserName: MicrosoftEdge, browserVersion: 123.0.2420.81, fedcm:accounts: true, ms:edgeOptions: {debuggerAddress: localhost:60045}, msedge: {msedgedriverVersion: 123.0.2420.81 (8acdca46cf48..., userDataDir: C:\Users\ANILKU~1\AppData\L...}, networkConnectionEnabled: false, pageLoadStrategy: normal, platformName: WINDOWS, proxy: Proxy(), se:cdp: ws://localhost:60045/devtoo..., se:cdpVersion: 123.0.2420.81, setWindowRect: true, strictFileInteractability: false, timeouts: {implicit: 0, pageLoad: 300000, script: 30000}, unhandledPromptBehavior: dismiss and notify, webauthn:extension:credBlob: true, webauthn:extension:largeBlob: true, webauthn:extension:minPinLength: true, webauthn:extension:prf: true, webauthn:virtualAuthenticators: true}
Element: [[EdgeDriver: MicrosoftEdge on WINDOWS (30fc754b2c2ec70f2d9270a52b20e8e0)] -&amp;gt; xpath: //*[@for=&amp;apos;dst&amp;apos;]]
Session ID: 30fc754b2c2ec70f2d9270a52b20e8e0">
      <![CDATA[org.openqa.selenium.ElementNotInteractableException: element not interactable
  (Session info: MicrosoftEdge=123.0.2420.81)
Build info: version: '4.4.0', revision: 'e5c75ed026a'
System info: host: 'IN-3SJWDK3', ip: '192.168.1.37', os.name: 'Windows 11', os.arch: 'amd64', os.version: '10.0', java.version: '17.0.7'
Driver info: org.openqa.selenium.edge.EdgeDriver
Command: [30fc754b2c2ec70f2d9270a52b20e8e0, sendKeysToElement {id=f.F4B70123A5CD75D27B518CD75953BD07.d.D14869FDC2FC1154023F4351478C690C.e.90, value=[Ljava.lang.CharSequence;@36ef1d65}]
Capabilities {acceptInsecureCerts: true, browserName: MicrosoftEdge, browserVersion: 123.0.2420.81, fedcm:accounts: true, ms:edgeOptions: {debuggerAddress: localhost:60045}, msedge: {msedgedriverVersion: 123.0.2420.81 (8acdca46cf48..., userDataDir: C:\Users\ANILKU~1\AppData\L...}, networkConnectionEnabled: false, pageLoadStrategy: normal, platformName: WINDOWS, proxy: Proxy(), se:cdp: ws://localhost:60045/devtoo..., se:cdpVersion: 123.0.2420.81, setWindowRect: true, strictFileInteractability: false, timeouts: {implicit: 0, pageLoad: 300000, script: 30000}, unhandledPromptBehavior: dismiss and notify, webauthn:extension:credBlob: true, webauthn:extension:largeBlob: true, webauthn:extension:minPinLength: true, webauthn:extension:prf: true, webauthn:virtualAuthenticators: true}
Element: [[EdgeDriver: MicrosoftEdge on WINDOWS (30fc754b2c2ec70f2d9270a52b20e8e0)] -> xpath: //*[@for='dst']]
Session ID: 30fc754b2c2ec70f2d9270a52b20e8e0
at org.openqa.selenium.remote.codec.w3c.W3CHttpResponseCodec.createException(W3CHttpResponseCodec.java:200)
at org.openqa.selenium.remote.codec.w3c.W3CHttpResponseCodec.decode(W3CHttpResponseCodec.java:133)
at org.openqa.selenium.remote.codec.w3c.W3CHttpResponseCodec.decode(W3CHttpResponseCodec.java:53)
at org.openqa.selenium.remote.HttpCommandExecutor.execute(HttpCommandExecutor.java:184)
at org.openqa.selenium.remote.service.DriverCommandExecutor.invokeExecute(DriverCommandExecutor.java:167)
at org.openqa.selenium.remote.service.DriverCommandExecutor.execute(DriverCommandExecutor.java:142)
at org.openqa.selenium.remote.RemoteWebDriver.execute(RemoteWebDriver.java:547)
at org.openqa.selenium.remote.RemoteWebElement.execute(RemoteWebElement.java:257)
at org.openqa.selenium.remote.RemoteWebElement.sendKeys(RemoteWebElement.java:113)
at org.openqa.selenium.support.pagefactory.internal.LocatingElementHandler.invoke(LocatingElementHandler.java:52)
at jdk.proxy2/jdk.proxy2.$Proxy27.sendKeys(Unknown Source)
at com.nagarro.nagp.redbus.pages.RailPage.searchRail(RailPage.java:58)
at com.nagarro.nagp.testpackage.searchTrainTest.searchTrain(searchTrainTest.java:52)
at java.base/java.util.ArrayList.forEach(ArrayList.java:1511)
... Removed 41 stack frames]]>
    </failure>
  </testcase> <!-- searchTrain -->
</testsuite> <!-- Surefire test -->
